<?xml version="1.0" encoding="UTF-8"?>
<!-- Generated by org.testng.reporters.JUnitReportReporter -->
<testsuite skipped="0" hostname="DELL-5OOTMU0EM7" name="Demo.Calc" tests="1" failures="0" timestamp="06 Aug 2020 04:04:45 GMT" time="3.126" errors="0">
  <testcase name="setup" time="3.126" classname="Demo.Calc"/>
</testsuite> <!-- Demo.Calc -->
