<?xml version="1.0" encoding="UTF-8"?>
<!-- Generated by org.testng.reporters.JUnitReportReporter -->
<testsuite skipped="0" hostname="DELL-5OOTMU0EM7" name="Demo.WinAppDemo" tests="1" failures="0" timestamp="05 Aug 2020 21:03:14 GMT" time="1.645" errors="0">
  <testcase name="setup" time="1.645" classname="Demo.WinAppDemo"/>
</testsuite> <!-- Demo.WinAppDemo -->
