<?xml version="1.0" encoding="UTF-8"?>
<!-- Generated by org.testng.reporters.JUnitReportReporter -->
<testsuite skipped="0" hostname="DELL-5OOTMU0EM7" name="Demo.Notepad" tests="1" failures="0" timestamp="09 Aug 2020 02:43:00 GMT" time="1.443" errors="0">
  <testcase name="setup" time="1.443" classname="Demo.Notepad"/>
</testsuite> <!-- Demo.Notepad -->
