<?xml version="1.0" encoding="UTF-8"?>
<!-- Generated by org.testng.reporters.JUnitReportReporter -->
<testsuite skipped="0" hostname="DELL-5OOTMU0EM7" name="Demo.Notepad" tests="1" failures="0" timestamp="06 Aug 2020 04:04:45 GMT" time="0.266" errors="0">
  <testcase name="setup" time="0.266" classname="Demo.Notepad"/>
</testsuite> <!-- Demo.Notepad -->
