<?xml version="1.0" encoding="UTF-8"?>
<!-- Generated by org.testng.reporters.JUnitReportReporter -->
<testsuite skipped="0" hostname="DELL-5OOTMU0EM7" name="Demo.Calc" tests="1" failures="0" timestamp="2020-08-06T00:07:11 EDT" time="3.682" errors="0">
  <testcase name="setup" time="3.682" classname="Demo.Calc"/>
  <system-out/>
</testsuite> <!-- Demo.Calc -->
