<?xml version="1.0" encoding="UTF-8"?>
<!-- Generated by org.testng.reporters.JUnitReportReporter -->
<testsuite skipped="0" hostname="DELL-5OOTMU0EM7" name="Demo.Notepad" tests="1" failures="0" timestamp="2020-08-08T22:43:17 EDT" time="0.231" errors="0">
  <testcase name="setup" time="0.231" classname="Demo.Notepad"/>
  <system-out/>
</testsuite> <!-- Demo.Notepad -->
